X's move
(plays C)
O's move
X's move
(plays N)
O's move
X's move
(plays NE)
O's move
X's move
(plays NW)
X wins
Score is
X 1
O 0
O's move
(plays C)
X's move
O's move
(plays E)
X's move
O's move
(plays S)
X's move
X wins
Score is
X 2
O 0
X's move
(plays C)
O's move
(plays E)
X's move
(plays N)
O's move
(plays S)
X's move
(plays W)
O's move
(plays SW)
X's move
(plays NE)
O's move
(plays SE)
O wins
Score is
X 2
O 1
O's move
(plays C)
X's move
(plays N)
O's move
(plays E)
X's move
(plays W)
O's move
(plays S)
X's move
(plays NE)
O's move
(plays SW)
X's move
(plays NW)
X wins
Score is
X 3
O 1
